INFO: Found elm at node_modules\.bin\elm.CMD
INFO: Found elm 0.19.1
INFO: Found elm-format at node_modules\.bin\elm-format.CMD
INFO: Found elm-format 0.8.5
INFO: Cleaning ./elm-stuff before upgrading
INFO: Converting elm-package.json -> elm.json
INFO: Detected an application project (this project has no exposed modules)
INFO: Switching from NoRedInk/elm-decode-pipeline (deprecated) to NoRedInk/elm-json-decode-pipeline
INFO: Installing latest version of NoRedInk/elm-json-decode-pipeline
WARNING: Failed to upgrade NoRedInk/elm-json-decode-pipeline!
INFO: Installing latest version of elm-community/list-extra
WARNING: Failed to upgrade elm-community/list-extra!
INFO: Switching from elm-lang/core (deprecated) to elm/core
INFO: Installing latest version of elm/core
WARNING: Failed to upgrade elm/core!
INFO: Detected use of elm-lang/core#Json.Decode; installing elm/json
WARNING: Failed to upgrade elm/json!
INFO: Switching from elm-lang/dom (deprecated) to elm/browser
INFO: Installing latest version of elm/browser
WARNING: Failed to upgrade elm/browser!
INFO: Switching from elm-lang/html (deprecated) to elm/html
INFO: Installing latest version of elm/html
WARNING: Failed to upgrade elm/html!
INFO: Switching from elm-lang/keyboard (deprecated) to elm/browser
INFO: Installing latest version of elm/browser
WARNING: Failed to upgrade elm/browser!
INFO: Switching from elm-lang/mouse (deprecated) to elm/browser
INFO: Installing latest version of elm/browser
WARNING: Failed to upgrade elm/browser!
INFO: Switching from rtfeldman/hex (deprecated) to rtfeldman/elm-hex
INFO: Installing latest version of rtfeldman/elm-hex
WARNING: Failed to upgrade rtfeldman/elm-hex!
INFO: Upgrading *.elm files in src/
